<?xml version="1.0" encoding="utf-8"?><testsuites name="pytest tests"><testsuite name="pytest" errors="0" failures="0" skipped="0" tests="18" time="4.867" timestamp="2026-06-02T19:47:56.157807+00:00" hostname="agent-env-808904a4-ccb4-49d3-9d5a-98abf6eb2258"><testcase classname="backend.tests.test_iteration4.TestKioskRegister" name="test_register_unknown_ic_creates_patient_public" time="0.368" /><testcase classname="backend.tests.test_iteration4.TestKioskRegister" name="test_register_duplicate_ic_400" time="0.120" /><testcase classname="backend.tests.test_iteration4.TestKioskRegister" name="test_register_duplicate_email_400" time="0.126" /><testcase classname="backend.tests.test_iteration4.TestRegisterThenCheckin" name="test_register_then_checkin_assigns_queue" time="0.461" /><testcase classname="backend.tests.test_iteration4.TestAppointmentPatchExpanded" name="test_patch_scheduled_at" time="1.168" /><testcase classname="backend.tests.test_iteration4.TestAppointmentPatchExpanded" name="test_patch_doctor_id" time="0.387" /><testcase classname="backend.tests.test_iteration4.TestAppointmentPatchExpanded" name="test_patch_reason" time="0.102" /><testcase classname="backend.tests.test_iteration4.TestAppointmentPatchExpanded" name="test_patch_empty_400" time="0.183" /><testcase classname="backend.tests.test_iteration4.TestBlockSlot" name="test_block_requires_doctor_role" time="0.629" /><testcase classname="backend.tests.test_iteration4.TestBlockSlot" name="test_block_unauth_401_or_403" time="0.109" /><testcase classname="backend.tests.test_iteration4.TestBlockSlot" name="test_block_doctor_creates" time="0.120" /><testcase classname="backend.tests.test_iteration4.TestBlockSlot" name="test_block_can_be_unblocked_via_patch" time="0.226" /><testcase classname="backend.tests.test_iteration4.TestRegression" name="test_kiosk_lookup_known" time="0.113" /><testcase classname="backend.tests.test_iteration4.TestRegression" name="test_kiosk_lookup_unknown_404" time="0.124" /><testcase classname="backend.tests.test_iteration4.TestRegression" name="test_pharmacy_queue_for_role" time="0.106" /><testcase classname="backend.tests.test_iteration4.TestRegression" name="test_availability_slots" time="0.324" /><testcase classname="backend.tests.test_iteration4.TestRegression" name="test_doctors_list" time="0.110" /><testcase classname="backend.tests.test_iteration4.TestRegression" name="test_all_four_roles_login" time="0.000" /></testsuite></testsuites>