<?xml version="1.0" encoding="utf-8"?><testsuites name="pytest tests"><testsuite name="pytest" errors="0" failures="0" skipped="0" tests="21" time="4.242" timestamp="2026-06-02T19:29:44.621794+00:00" hostname="agent-env-808904a4-ccb4-49d3-9d5a-98abf6eb2258"><testcase classname="backend.tests.test_iteration3.TestSeedAndAuth" name="test_pharmacist_login" time="0.437" /><testcase classname="backend.tests.test_iteration3.TestSeedAndAuth" name="test_existing_demo_accounts_unchanged" time="0.813" /><testcase classname="backend.tests.test_iteration3.TestKioskLookup" name="test_lookup_known_ic_public" time="0.136" /><testcase classname="backend.tests.test_iteration3.TestKioskLookup" name="test_lookup_unknown_ic_returns_404" time="0.109" /><testcase classname="backend.tests.test_iteration3.TestKioskCheckin" name="test_checkin_unknown_ic_404" time="0.122" /><testcase classname="backend.tests.test_iteration3.TestKioskCheckin" name="test_checkin_creates_walkin_or_marks_existing" time="0.164" /><testcase classname="backend.tests.test_iteration3.TestKioskCheckin" name="test_checkin_idempotency_same_appointment" time="0.113" /><testcase classname="backend.tests.test_iteration3.TestDoctorRecordWithPrescriptions" name="test_doctor_creates_record_with_prescriptions" time="0.150" /><testcase classname="backend.tests.test_iteration3.TestKioskPay" name="test_pay_unknown_ic_404" time="0.137" /><testcase classname="backend.tests.test_iteration3.TestKioskPay" name="test_pay_wrong_patient_404" time="0.124" /><testcase classname="backend.tests.test_iteration3.TestKioskPay" name="test_pay_success" time="0.108" /><testcase classname="backend.tests.test_iteration3.TestKioskPay" name="test_pay_double_pay_400" time="0.103" /><testcase classname="backend.tests.test_iteration3.TestPharmacy" name="test_pharmacy_queue_requires_role" time="0.236" /><testcase classname="backend.tests.test_iteration3.TestPharmacy" name="test_pharmacy_queue_contains_paid_appt" time="0.119" /><testcase classname="backend.tests.test_iteration3.TestPharmacy" name="test_dispense_wrong_role_403" time="0.106" /><testcase classname="backend.tests.test_iteration3.TestPharmacy" name="test_dispense_success" time="0.124" /><testcase classname="backend.tests.test_iteration3.TestPharmacy" name="test_dispense_idempotent_or_400" time="0.112" /><testcase classname="backend.tests.test_iteration3.TestAppointmentStatusEnum" name="test_patch_status_ready_for_pharmacy_and_dispensed" time="0.481" /><testcase classname="backend.tests.test_iteration3.TestRegression" name="test_health" time="0.213" /><testcase classname="backend.tests.test_iteration3.TestRegression" name="test_doctors_list" time="0.126" /><testcase classname="backend.tests.test_iteration3.TestRegression" name="test_nfc_scan" time="0.114" /></testsuite></testsuites>