<?xml version="1.0" encoding="utf-8"?><testsuites name="pytest tests"><testsuite name="pytest" errors="0" failures="0" skipped="0" tests="16" time="21.216" timestamp="2026-06-02T18:49:37.641330+00:00" hostname="agent-env-808904a4-ccb4-49d3-9d5a-98abf6eb2258"><testcase classname="backend.tests.test_medilink" name="test_health" time="0.288" /><testcase classname="backend.tests.test_medilink" name="test_seed_idempotent" time="0.139" /><testcase classname="backend.tests.test_medilink" name="test_seeded_logins_and_me" time="1.088" /><testcase classname="backend.tests.test_medilink" name="test_register_new_patient_then_login" time="0.594" /><testcase classname="backend.tests.test_medilink" name="test_nfc_scan_valid" time="0.067" /><testcase classname="backend.tests.test_medilink" name="test_nfc_scan_invalid" time="0.067" /><testcase classname="backend.tests.test_medilink" name="test_doctors_listed" time="0.067" /><testcase classname="backend.tests.test_medilink" name="test_mock_payment" time="0.369" /><testcase classname="backend.tests.test_medilink" name="test_doctor_lists_only_own_appointments" time="0.070" /><testcase classname="backend.tests.test_medilink" name="test_sync_status_increments" time="6.191" /><testcase classname="backend.tests.test_medilink" name="test_ai_summary_doctor" time="3.971" /><testcase classname="backend.tests.test_medilink" name="test_ai_drug_check" time="1.996" /><testcase classname="backend.tests.test_medilink" name="test_ai_symptom_stream" time="5.891" /><testcase classname="backend.tests.test_medilink" name="test_patient_cannot_list_patients" time="0.162" /><testcase classname="backend.tests.test_medilink" name="test_patient_cannot_ai_summary" time="0.061" /><testcase classname="backend.tests.test_medilink" name="test_patient_cannot_create_record" time="0.056" /></testsuite></testsuites>